  DorkV4.c
C:\Users\test0\מסמכים\Programming\ACREngineV3\ACREngine\ACREngine.h(457,20): warning C4244: '=': conversion from 'int' to 'float', possible loss of data
C:\Users\test0\מסמכים\Programming\ACREngineV3\ACREngine\ACREngine.h(459,20): warning C4244: '=': conversion from 'int' to 'float', possible loss of data
C:\Users\test0\מסמכים\Programming\ACREngineV3\ACREngine\ACREngine.h(474,27): warning C4244: '=': conversion from 'float' to 'short', possible loss of data
C:\Users\test0\מסמכים\Programming\ACREngineV3\ACREngine\ACREngine.h(520,10): warning C4244: 'function': conversion from 'int' to 'float', possible loss of data
C:\Users\test0\מסמכים\Programming\ACREngineV3\ACREngine\ACREngine.h(521,10): warning C4244: 'function': conversion from 'int' to 'float', possible loss of data
C:\Users\test0\מסמכים\Programming\ACREngineV3\ACREngine\ACREngine.h(522,10): warning C4244: 'function': conversion from 'int' to 'float', possible loss of data
C:\Users\test0\מסמכים\Programming\ACREngineV3\ACREngine\ACREngine.h(696,2): warning C4244: 'initializing': conversion from 'float' to 'int', possible loss of data
C:\Users\test0\מסמכים\Programming\ACREngineV3\ACREngine\ACREngine.h(856,38): warning C4028: formal parameter 3 different from declaration
C:\Users\test0\מסמכים\Programming\ACREngineV3\ACREngine\ACREngine.h(857,2): warning C4029: declared formal parameter list different from definition
C:\Users\test0\מסמכים\Programming\ACREngineV3\ACREngine\ACREngine.h(1076,16): warning C4018: '>=': signed/unsigned mismatch
C:\Users\test0\מסמכים\Programming\ACREngineV3\ACREngine\ACREngine.h(1089,16): warning C4018: '>=': signed/unsigned mismatch
C:\Users\test0\מסמכים\Programming\ACREngineV3\ACREngine\ACREngine.h(1125,31): warning C4018: '<=': signed/unsigned mismatch
C:\Users\test0\מסמכים\Programming\ACREngineV3\ACREngine\ACREngine.h(1130,14): warning C4018: '<': signed/unsigned mismatch
C:\Users\test0\מסמכים\Programming\ACREngineV3\ACREngine\ACREngine.h(1132,16): warning C4018: '>=': signed/unsigned mismatch
C:\Users\test0\מסמכים\Programming\ACREngineV3\ACREngine\ACREngine.h(1139,12): warning C4018: '<': signed/unsigned mismatch
C:\Users\test0\מסמכים\Programming\ACREngineV3\ACREngine\ACREngine.h(1145,16): warning C4018: '>=': signed/unsigned mismatch
C:\Users\test0\מסמכים\Programming\ACREngineV3\ACREngine\ACREngine.h(1164,11): warning C4018: '>': signed/unsigned mismatch
C:\Users\test0\מסמכים\Programming\ACREngineV3\ACREngine\ACREngine.h(1216,72): warning C4098: 'sysDrawNumber': 'void' function returning a value
C:\Users\test0\מסמכים\Programming\ACREngineV3\ACREngine\ACREngine.h(1411,2): warning C4267: 'initializing': conversion from 'size_t' to 'int', possible loss of data
C:\Users\test0\מסמכים\Programming\ACREngineV3\ACREngine\ACREngine.h(1679,18): warning C4311: 'type cast': pointer truncation from 'const char *' to 'int'
C:\Users\test0\מסמכים\Programming\ACREngineV3\ACREngine\ACRE_Transform.h(36,1): warning C4244: 'initializing': conversion from 'float' to 'int', possible loss of data
C:\Users\test0\מסמכים\Programming\ACREngineV3\ACREngine\ACRE_Transform.h(37,1): warning C4244: 'initializing': conversion from 'float' to 'int', possible loss of data
C:\Users\test0\מסמכים\Programming\ACREngineV3\ACREngine\ACRE_Transform.h(38,1): warning C4244: 'initializing': conversion from 'float' to 'int', possible loss of data
C:\Users\test0\מסמכים\Programming\ACREngineV3\ACREngine\ACRE_Transform.h(39,1): warning C4244: 'initializing': conversion from 'float' to 'int', possible loss of data
C:\Users\test0\מסמכים\Programming\ACREngineV3\ACREngine\ACRE_Transform.h(54,22): warning C4244: '=': conversion from 'int' to 'float', possible loss of data
C:\Users\test0\מסמכים\Programming\ACREngineV3\ACREngine\ACRE_Transform.h(54,43): warning C4244: '=': conversion from 'int' to 'float', possible loss of data
C:\Users\test0\מסמכים\Programming\ACREngineV3\ACREngine\ACRE_Transform.h(60,22): warning C4244: '=': conversion from 'int' to 'float', possible loss of data
C:\Users\test0\מסמכים\Programming\ACREngineV3\ACREngine\ACRE_Transform.h(60,43): warning C4244: '=': conversion from 'int' to 'float', possible loss of data
C:\Users\test0\מסמכים\Programming\ACREngineV3\ACREngine\ACRE_Transform.h(67,48): warning C4244: '*=': conversion from 'double' to 'float', possible loss of data
C:\Users\test0\מסמכים\Programming\ACREngineV3\ACREngine\ACREngineV3.0\menu.h(50,128): warning C4244: 'function': conversion from 'float' to 'int', possible loss of data
C:\Users\test0\מסמכים\Programming\ACREngineV3\ACREngine\ACREngineV3.0\menu.h(50,146): warning C4244: 'function': conversion from 'float' to 'int', possible loss of data
C:\Users\test0\מסמכים\Programming\ACREngineV3\ACREngine\ACREngineV3.0\menu.h(50,164): warning C4244: 'function': conversion from 'float' to 'int', possible loss of data
C:\Users\test0\מסמכים\Programming\ACREngineV3\ACREngine\ACREngineV3.0\menu.h(41,1): warning C4244: 'initializing': conversion from 'float' to 'int', possible loss of data
C:\Users\test0\מסמכים\Programming\ACREngineV3\ACREngine\ACREngineV3.0\menu.h(101,19): warning C4244: 'function': conversion from 'float' to 'int', possible loss of data
C:\Users\test0\מסמכים\Programming\ACREngineV3\ACREngine\ACREngineV3.0\menu.h(101,24): warning C4244: 'function': conversion from 'float' to 'int', possible loss of data
C:\Users\test0\מסמכים\Programming\ACREngineV3\ACREngine\ACREngineV3.0\menu.h(105,55): warning C4244: '=': conversion from 'int' to 'float', possible loss of data
C:\Users\test0\מסמכים\Programming\ACREngineV3\ACREngine\ACREngineV3.0\menu.h(153,43): warning C4244: '=': conversion from 'int' to 'float', possible loss of data
C:\Users\test0\מסמכים\Programming\ACREngineV3\ACREngine\ACREngineV3.0\screen.c(29,81): warning C4244: 'function': conversion from 'float' to 'int', possible loss of data
C:\Users\test0\מסמכים\Programming\ACREngineV3\ACREngine\ACREngineV3.0\screen.c(29,136): warning C4244: 'function': conversion from 'float' to 'int', possible loss of data
C:\Users\test0\מסמכים\Programming\ACREngineV3\ACREngine\ACREngineV3.0\screen.c(29,191): warning C4244: 'function': conversion from 'float' to 'int', possible loss of data
  ACREngineV3.0.vcxproj -> C:\Users\test0\מסמכים\Programming\ACREngineV3\ACREngine\x64\Debug\ACREngineV3.0.exe
