  DorkV4.cpp
C:\Users\test0\Documents\Programming\ACREngine\ACREngineV3\ACREngine\ACREngineV3.0\menu.cpp(44,8): warning C4244: 'initializing': conversion from 'float' to 'int', possible loss of data
C:\Users\test0\Documents\Programming\ACREngine\ACREngineV3\ACREngine\ACREngineV3.0\menu.cpp(53,117): warning C4244: 'argument': conversion from 'float' to 'int', possible loss of data
C:\Users\test0\Documents\Programming\ACREngine\ACREngineV3\ACREngine\ACREngineV3.0\menu.cpp(53,99): warning C4244: 'argument': conversion from 'float' to 'int', possible loss of data
C:\Users\test0\Documents\Programming\ACREngine\ACREngineV3\ACREngine\ACREngineV3.0\menu.cpp(53,81): warning C4244: 'argument': conversion from 'float' to 'int', possible loss of data
C:\Users\test0\Documents\Programming\ACREngine\ACREngineV3\ACREngine\ACREngineV3.0\menu.cpp(98,17): warning C4244: 'argument': conversion from 'float' to 'int', possible loss of data
C:\Users\test0\Documents\Programming\ACREngine\ACREngineV3\ACREngine\ACREngineV3.0\menu.cpp(98,12): warning C4244: 'argument': conversion from 'float' to 'int', possible loss of data
C:\Users\test0\Documents\Programming\ACREngine\ACREngineV3\ACREngine\ACREngineV3.0\menu.cpp(102,23): warning C4244: '=': conversion from 'int' to 'float', possible loss of data
C:\Users\test0\Documents\Programming\ACREngine\ACREngineV3\ACREngine\ACREngineV3.0\menu.cpp(151,31): warning C4244: '=': conversion from 'int' to 'float', possible loss of data
C:\Users\test0\Documents\Programming\ACREngine\ACREngineV3\ACREngine\ACREngineV3.0\physics.h(31,13): warning C4244: 'initializing': conversion from 'float' to 'int', possible loss of data
C:\Users\test0\Documents\Programming\ACREngine\ACREngineV3\ACREngine\ACREngineV3.0\physics.h(31,47): warning C4244: 'initializing': conversion from 'float' to 'int', possible loss of data
C:\Users\test0\Documents\Programming\ACREngine\ACREngineV3\ACREngine\ACREngineV3.0\physics.h(32,13): warning C4244: 'initializing': conversion from 'float' to 'int', possible loss of data
C:\Users\test0\Documents\Programming\ACREngine\ACREngineV3\ACREngine\ACREngineV3.0\physics.h(32,45): warning C4244: 'initializing': conversion from 'float' to 'int', possible loss of data
C:\Users\test0\Documents\Programming\ACREngine\ACREngineV3\ACREngine\ACREngineV3.0\physics.h(34,13): warning C4244: 'initializing': conversion from 'float' to 'int', possible loss of data
C:\Users\test0\Documents\Programming\ACREngine\ACREngineV3\ACREngine\ACREngineV3.0\physics.h(34,56): warning C4244: 'initializing': conversion from 'float' to 'int', possible loss of data
C:\Users\test0\Documents\Programming\ACREngine\ACREngineV3\ACREngine\ACREngineV3.0\physics.h(35,13): warning C4244: 'initializing': conversion from 'float' to 'int', possible loss of data
C:\Users\test0\Documents\Programming\ACREngine\ACREngineV3\ACREngine\ACREngineV3.0\physics.h(35,54): warning C4244: 'initializing': conversion from 'float' to 'int', possible loss of data
C:\Users\test0\Documents\Programming\ACREngine\ACREngineV3\ACREngine\ACREngineV3.0\entites.h(239,91): warning C4244: 'argument': conversion from 'int' to 'float', possible loss of data
C:\Users\test0\Documents\Programming\ACREngine\ACREngineV3\ACREngine\ACREngineV3.0\entites.h(239,114): warning C4244: 'argument': conversion from 'int' to 'float', possible loss of data
C:\Users\test0\Documents\Programming\ACREngine\ACREngineV3\ACREngine\ACREngineV3.0\entites.h(239,137): warning C4244: 'argument': conversion from 'int' to 'float', possible loss of data
C:\Users\test0\Documents\Programming\ACREngine\ACREngineV3\ACREngine\ACREngineV3.0\entites.h(239,134): warning C4244: 'argument': conversion from 'float' to 'int', possible loss of data
C:\Users\test0\Documents\Programming\ACREngine\ACREngineV3\ACREngine\ACREngineV3.0\entites.h(239,111): warning C4244: 'argument': conversion from 'float' to 'int', possible loss of data
C:\Users\test0\Documents\Programming\ACREngine\ACREngineV3\ACREngine\ACREngineV3.0\entites.h(239,88): warning C4244: 'argument': conversion from 'float' to 'int', possible loss of data
C:\Users\test0\Documents\Programming\ACREngine\ACREngineV3\ACREngine\ACREngineV3.0\game.cpp(94,9): warning C4244: 'initializing': conversion from 'float' to 'int', possible loss of data
C:\Users\test0\Documents\Programming\ACREngine\ACREngineV3\ACREngine\ACREngineV3.0\game.cpp(94,34): warning C4244: 'initializing': conversion from 'float' to 'int', possible loss of data
C:\Users\test0\Documents\Programming\ACREngine\ACREngineV3\ACREngine\ACREngineV3.0\game.cpp(125,286): warning C4244: 'argument': conversion from 'float' to 'int', possible loss of data
C:\Users\test0\Documents\Programming\ACREngine\ACREngineV3\ACREngine\ACREngineV3.0\game.cpp(125,224): warning C4244: 'argument': conversion from 'float' to 'int', possible loss of data
C:\Users\test0\Documents\Programming\ACREngine\ACREngineV3\ACREngine\ACREngineV3.0\game.cpp(125,180): warning C4244: 'argument': conversion from 'float' to 'int', possible loss of data
C:\Users\test0\Documents\Programming\ACREngine\ACREngineV3\ACREngine\ACREngineV3.0\game.cpp(125,137): warning C4244: 'argument': conversion from 'float' to 'int', possible loss of data
C:\Users\test0\Documents\Programming\ACREngine\ACREngineV3\ACREngine\ACREngineV3.0\game.cpp(125,77): warning C4244: 'argument': conversion from 'float' to 'int', possible loss of data
C:\Users\test0\Documents\Programming\ACREngine\ACREngineV3\ACREngine\ACREngineV3.0\game.cpp(125,33): warning C4244: 'argument': conversion from 'float' to 'int', possible loss of data
C:\Users\test0\Documents\Programming\ACREngine\ACREngineV3\ACREngine\ACREngineV3.0\game.cpp(132,46): error C2065: 'Pzim': undeclared identifier
C:\Users\test0\Documents\Programming\ACREngine\ACREngineV3\ACREngine\ACREngine.h(504,17): warning C4244: '=': conversion from 'int' to 'float', possible loss of data
C:\Users\test0\Documents\Programming\ACREngine\ACREngineV3\ACREngine\ACREngine.h(506,17): warning C4244: '=': conversion from 'int' to 'float', possible loss of data
C:\Users\test0\Documents\Programming\ACREngine\ACREngineV3\ACREngine\ACREngine.h(521,14): warning C4244: '=': conversion from 'float' to 'short', possible loss of data
C:\Users\test0\Documents\Programming\ACREngine\ACREngineV3\ACREngine\ACREngine.h(565,9): warning C4244: 'argument': conversion from 'int' to 'float', possible loss of data
C:\Users\test0\Documents\Programming\ACREngine\ACREngineV3\ACREngine\ACREngine.h(566,9): warning C4244: 'argument': conversion from 'int' to 'float', possible loss of data
C:\Users\test0\Documents\Programming\ACREngine\ACREngineV3\ACREngine\ACREngine.h(567,9): warning C4244: 'argument': conversion from 'int' to 'float', possible loss of data
C:\Users\test0\Documents\Programming\ACREngine\ACREngineV3\ACREngine\ACREngine.h(755,14): warning C4244: 'initializing': conversion from 'float' to 'int', possible loss of data
C:\Users\test0\Documents\Programming\ACREngine\ACREngineV3\ACREngine\ACREngine.h(795,40): warning C4838: conversion from 'int' to 'SHORT' requires a narrowing conversion
C:\Users\test0\Documents\Programming\ACREngine\ACREngineV3\ACREngine\ACREngine.h(795,90): warning C4838: conversion from 'int' to 'SHORT' requires a narrowing conversion
C:\Users\test0\Documents\Programming\ACREngine\ACREngineV3\ACREngine\ACREngine.h(1130,16): warning C4018: '>=': signed/unsigned mismatch
C:\Users\test0\Documents\Programming\ACREngine\ACREngineV3\ACREngine\ACREngine.h(1143,16): warning C4018: '>=': signed/unsigned mismatch
C:\Users\test0\Documents\Programming\ACREngine\ACREngineV3\ACREngine\ACREngine.h(1179,31): warning C4018: '<=': signed/unsigned mismatch
C:\Users\test0\Documents\Programming\ACREngine\ACREngineV3\ACREngine\ACREngine.h(1184,14): warning C4018: '<': signed/unsigned mismatch
C:\Users\test0\Documents\Programming\ACREngine\ACREngineV3\ACREngine\ACREngine.h(1186,16): warning C4018: '>=': signed/unsigned mismatch
C:\Users\test0\Documents\Programming\ACREngine\ACREngineV3\ACREngine\ACREngine.h(1193,12): warning C4018: '<': signed/unsigned mismatch
C:\Users\test0\Documents\Programming\ACREngine\ACREngineV3\ACREngine\ACREngine.h(1199,16): warning C4018: '>=': signed/unsigned mismatch
C:\Users\test0\Documents\Programming\ACREngine\ACREngineV3\ACREngine\ACREngine.h(1218,11): warning C4018: '>': signed/unsigned mismatch
C:\Users\test0\Documents\Programming\ACREngine\ACREngineV3\ACREngine\ACREngine.h(1492,38): warning C4267: 'initializing': conversion from 'size_t' to 'int', possible loss of data
C:\Users\test0\Documents\Programming\ACREngine\ACREngineV3\ACREngine\ACREngine.h(1763,6): warning C4311: 'type cast': pointer truncation from 'const char *' to 'int'
C:\Users\test0\Documents\Programming\ACREngine\ACREngineV3\ACREngine\ACREngine.h(1763,6): warning C4302: 'type cast': truncation from 'const char *' to 'int'
  screen.cpp
C:\Users\test0\Documents\Programming\ACREngine\ACREngineV3\ACREngine\ACREngineV3.0\screen.cpp(21,8): warning C4804: '<': unsafe use of type 'bool' in operation
C:\Users\test0\Documents\Programming\ACREngine\ACREngineV3\ACREngine\ACREngineV3.0\screen.cpp(27,172): warning C4244: 'argument': conversion from 'float' to 'int', possible loss of data
C:\Users\test0\Documents\Programming\ACREngine\ACREngineV3\ACREngine\ACREngineV3.0\screen.cpp(27,117): warning C4244: 'argument': conversion from 'float' to 'int', possible loss of data
C:\Users\test0\Documents\Programming\ACREngine\ACREngineV3\ACREngine\ACREngineV3.0\screen.cpp(27,62): warning C4244: 'argument': conversion from 'float' to 'int', possible loss of data
C:\Users\test0\Documents\Programming\ACREngine\ACREngineV3\ACREngine\ACREngineV3.0\screen.cpp(33,8): warning C4804: '>': unsafe use of type 'bool' in operation
C:\Users\test0\Documents\Programming\ACREngine\ACREngineV3\ACREngine\ACREngineV3.0\screen.cpp(66,9): warning C4244: 'return': conversion from 'float' to 'int', possible loss of data
  screen.h
